Started GET "/" for ::1 at 2022-09-07 09:40:50 +0100
  [1m[36mActiveRecord::SchemaMigration Pluck (2.4ms)[0m  [1m[34mSELECT "schema_migrations"."version" FROM "schema_migrations" ORDER BY "schema_migrations"."version" ASC[0m
  [1m[36mCACHE ActiveRecord::SchemaMigration Pluck (0.1ms)[0m  [1m[34mSELECT "schema_migrations"."version" FROM "schema_migrations" ORDER BY "schema_migrations"."version" ASC[0m
  
ActiveRecord::PendingMigrationError (

Migrations are pending. To resolve this issue, run:

        bin/rails db:migrate RAILS_ENV=development

You have 1 pending migration:

20220907075400_remove_column_quantity_in_food_table.rb


):
  
activerecord (7.0.3.1) lib/active_record/migration.rb:627:in `check_pending!'
activerecord (7.0.3.1) lib/active_record/migration.rb:592:in `block (2 levels) in call'
activesupport (7.0.3.1) lib/active_support/file_update_checker.rb:83:in `execute'
activerecord (7.0.3.1) lib/active_record/migration.rb:597:in `block in call'
activerecord (7.0.3.1) lib/active_record/migration.rb:589:in `synchronize'
activerecord (7.0.3.1) lib/active_record/migration.rb:589:in `call'
actionpack (7.0.3.1) lib/action_dispatch/middleware/callbacks.rb:27:in `block in call'
activesupport (7.0.3.1) lib/active_support/callbacks.rb:99:in `run_callbacks'
actionpack (7.0.3.1) lib/action_dispatch/middleware/callbacks.rb:26:in `call'
actionpack (7.0.3.1) lib/action_dispatch/middleware/executor.rb:14:in `call'
actionpack (7.0.3.1) lib/action_dispatch/middleware/actionable_exceptions.rb:17:in `call'
actionpack (7.0.3.1) lib/action_dispatch/middleware/debug_exceptions.rb:28:in `call'
web-console (4.2.0) lib/web_console/middleware.rb:132:in `call_app'
web-console (4.2.0) lib/web_console/middleware.rb:28:in `block in call'
web-console (4.2.0) lib/web_console/middleware.rb:17:in `catch'
web-console (4.2.0) lib/web_console/middleware.rb:17:in `call'
actionpack (7.0.3.1) lib/action_dispatch/middleware/show_exceptions.rb:26:in `call'
railties (7.0.3.1) lib/rails/rack/logger.rb:40:in `call_app'
railties (7.0.3.1) lib/rails/rack/logger.rb:25:in `block in call'
activesupport (7.0.3.1) lib/active_support/tagged_logging.rb:114:in `block in tagged'
activesupport (7.0.3.1) lib/active_support/tagged_logging.rb:38:in `tagged'
activesupport (7.0.3.1) lib/active_support/tagged_logging.rb:114:in `tagged'
railties (7.0.3.1) lib/rails/rack/logger.rb:25:in `call'
sprockets-rails (3.4.2) lib/sprockets/rails/quiet_assets.rb:13:in `call'
actionpack (7.0.3.1) lib/action_dispatch/middleware/remote_ip.rb:93:in `call'
actionpack (7.0.3.1) lib/action_dispatch/middleware/request_id.rb:26:in `call'
rack (2.2.4) lib/rack/method_override.rb:24:in `call'
rack (2.2.4) lib/rack/runtime.rb:22:in `call'
activesupport (7.0.3.1) lib/active_support/cache/strategy/local_cache_middleware.rb:29:in `call'
actionpack (7.0.3.1) lib/action_dispatch/middleware/server_timing.rb:20:in `call'
actionpack (7.0.3.1) lib/action_dispatch/middleware/executor.rb:14:in `call'
actionpack (7.0.3.1) lib/action_dispatch/middleware/static.rb:23:in `call'
rack (2.2.4) lib/rack/sendfile.rb:110:in `call'
actionpack (7.0.3.1) lib/action_dispatch/middleware/host_authorization.rb:137:in `call'
railties (7.0.3.1) lib/rails/engine.rb:530:in `call'
puma (5.6.5) lib/puma/configuration.rb:252:in `call'
puma (5.6.5) lib/puma/request.rb:77:in `block in handle_request'
puma (5.6.5) lib/puma/thread_pool.rb:340:in `with_force_shutdown'
puma (5.6.5) lib/puma/request.rb:76:in `handle_request'
puma (5.6.5) lib/puma/server.rb:443:in `process_client'
puma (5.6.5) lib/puma/thread_pool.rb:147:in `block in spawn_thread'
  [1m[35m (1.3ms)[0m  [1m[34mSELECT pg_try_advisory_lock(8277932024918942610)[0m
  [1m[36mActiveRecord::SchemaMigration Pluck (2.9ms)[0m  [1m[34mSELECT "schema_migrations"."version" FROM "schema_migrations" ORDER BY "schema_migrations"."version" ASC[0m
Migrating to RemoveColumnQuantityInFoodTable (20220907075400)
  [1m[36mTRANSACTION (0.3ms)[0m  [1m[35mBEGIN[0m
  [1m[35m (8.4ms)[0m  [1m[35mALTER TABLE "foods" DROP COLUMN "quantity"[0m
  [1m[36mActiveRecord::SchemaMigration Create (1.0ms)[0m  [1m[32mINSERT INTO "schema_migrations" ("version") VALUES ($1) RETURNING "version"[0m  [["version", "20220907075400"]]
  [1m[36mTRANSACTION (0.9ms)[0m  [1m[35mCOMMIT[0m
  [1m[36mActiveRecord::InternalMetadata Load (1.3ms)[0m  [1m[34mSELECT "ar_internal_metadata".* FROM "ar_internal_metadata" WHERE "ar_internal_metadata"."key" = $1 LIMIT $2[0m  [["key", "environment"], ["LIMIT", 1]]
  [1m[35m (0.4ms)[0m  [1m[34mSELECT pg_advisory_unlock(8277932024918942610)[0m
  [1m[36mActiveRecord::SchemaMigration Pluck (2.8ms)[0m  [1m[34mSELECT "schema_migrations"."version" FROM "schema_migrations" ORDER BY "schema_migrations"."version" ASC[0m
Started GET "/" for ::1 at 2022-09-07 09:41:31 +0100
  [1m[36mActiveRecord::SchemaMigration Pluck (0.4ms)[0m  [1m[34mSELECT "schema_migrations"."version" FROM "schema_migrations" ORDER BY "schema_migrations"."version" ASC[0m
Processing by RecipesController#public as HTML
Completed 401 Unauthorized in 48ms (ActiveRecord: 0.0ms | Allocations: 5590)


Started GET "/users/sign_in" for ::1 at 2022-09-07 09:41:34 +0100
Processing by Devise::SessionsController#new as HTML
  Rendering layout layouts/application.html.erb
  Rendering devise/sessions/new.html.erb within layouts/application
  Rendered devise/shared/_links.html.erb (Duration: 6.5ms | Allocations: 863)
  Rendered devise/sessions/new.html.erb within layouts/application (Duration: 34.3ms | Allocations: 4071)
  Rendered layout layouts/application.html.erb (Duration: 377.6ms | Allocations: 46034)
Completed 200 OK in 445ms (Views: 391.2ms | ActiveRecord: 8.9ms | Allocations: 55295)


Started POST "/users/sign_in" for ::1 at 2022-09-07 09:41:39 +0100
Processing by Devise::SessionsController#create as TURBO_STREAM
  Parameters: {"authenticity_token"=>"[FILTERED]", "user"=>{"email"=>"manel@gmail.com", "password"=>"[FILTERED]", "remember_me"=>"0"}, "commit"=>"Log in"}
  [1m[36mUser Load (2.0ms)[0m  [1m[34mSELECT "users".* FROM "users" WHERE "users"."email" = $1 ORDER BY "users"."id" ASC LIMIT $2[0m  [["email", "manel@gmail.com"], ["LIMIT", 1]]
Redirected to http://localhost:3000/
Completed 302 Found in 557ms (ActiveRecord: 2.3ms | Allocations: 5881)


Started GET "/" for ::1 at 2022-09-07 09:41:39 +0100
Processing by RecipesController#public as TURBO_STREAM
  [1m[36mUser Load (0.7ms)[0m  [1m[34mSELECT "users".* FROM "users" WHERE "users"."id" = $1 ORDER BY "users"."id" ASC LIMIT $2[0m  [["id", 1], ["LIMIT", 1]]
  Rendering layout layouts/application.html.erb
  Rendering recipes/public.html.erb within layouts/application
  Rendered recipes/public.html.erb within layouts/application (Duration: 1.5ms | Allocations: 151)
  Rendered layout layouts/application.html.erb (Duration: 16.4ms | Allocations: 2869)
Completed 200 OK in 56ms (Views: 26.1ms | ActiveRecord: 0.7ms | Allocations: 5282)


Started GET "/" for ::1 at 2022-09-07 09:46:46 +0100
Processing by UserController#index as HTML
  [1m[36mUser Load (1.7ms)[0m  [1m[34mSELECT "users".* FROM "users" WHERE "users"."id" = $1 ORDER BY "users"."id" ASC LIMIT $2[0m  [["id", 1], ["LIMIT", 1]]
  Rendering layout layouts/application.html.erb
  Rendering user/index.html.erb within layouts/application
  Rendered user/index.html.erb within layouts/application (Duration: 1.9ms | Allocations: 209)
  Rendered layout layouts/application.html.erb (Duration: 177.8ms | Allocations: 16345)
Completed 200 OK in 357ms (Views: 229.3ms | ActiveRecord: 13.1ms | Allocations: 25917)


Started GET "/inventories" for ::1 at 2022-09-07 09:46:57 +0100
Processing by InventoriesController#index as HTML
  [1m[36mUser Load (0.6ms)[0m  [1m[34mSELECT "users".* FROM "users" WHERE "users"."id" = $1 ORDER BY "users"."id" ASC LIMIT $2[0m  [["id", 1], ["LIMIT", 1]]
  Rendering layout layouts/application.html.erb
  Rendering inventories/index.html.erb within layouts/application
  [1m[36mInventory Exists? (2.0ms)[0m  [1m[34mSELECT 1 AS one FROM "inventories" WHERE "inventories"."user_id" = $1 LIMIT $2[0m  [["user_id", 1], ["LIMIT", 1]]
  ↳ app/views/inventories/index.html.erb:1
  [1m[36mCACHE Inventory Exists? (0.0ms)[0m  [1m[34mSELECT 1 AS one FROM "inventories" WHERE "inventories"."user_id" = $1 LIMIT $2[0m  [["user_id", 1], ["LIMIT", 1]]
  ↳ app/views/inventories/index.html.erb:7
  [1m[36mInventory Load (0.6ms)[0m  [1m[34mSELECT "inventories".* FROM "inventories" WHERE "inventories"."user_id" = $1[0m  [["user_id", 1]]
  ↳ app/views/inventories/index.html.erb:9
  Rendered inventories/index.html.erb within layouts/application (Duration: 59.3ms | Allocations: 7450)
  Rendered layout layouts/application.html.erb (Duration: 75.4ms | Allocations: 10203)
Completed 200 OK in 149ms (Views: 68.5ms | ActiveRecord: 21.3ms | Allocations: 15764)


Started GET "/inventories/5" for ::1 at 2022-09-07 09:47:04 +0100
Processing by InventoriesController#show as HTML
  Parameters: {"id"=>"5"}
  [1m[36mUser Load (0.5ms)[0m  [1m[34mSELECT "users".* FROM "users" WHERE "users"."id" = $1 ORDER BY "users"."id" ASC LIMIT $2[0m  [["id", 1], ["LIMIT", 1]]
  [1m[36mInventory Load (0.5ms)[0m  [1m[34mSELECT "inventories".* FROM "inventories" WHERE "inventories"."user_id" = $1 AND "inventories"."id" = $2 LIMIT $3[0m  [["user_id", 1], ["id", 5], ["LIMIT", 1]]
  ↳ app/controllers/inventories_controller.rb:9:in `show'
  Rendering layout layouts/application.html.erb
  Rendering inventories/show.html.erb within layouts/application
  [1m[36mInventoryFood Load (1.9ms)[0m  [1m[34mSELECT "inventory_foods".* FROM "inventory_foods" WHERE "inventory_foods"."inventory_id" = $1[0m  [["inventory_id", 5]]
  ↳ app/views/inventories/show.html.erb:17
  Rendered inventories/show.html.erb within layouts/application (Duration: 33.3ms | Allocations: 1717)
  Rendered layout layouts/application.html.erb (Duration: 50.6ms | Allocations: 4389)
Completed 200 OK in 94ms (Views: 50.1ms | ActiveRecord: 7.3ms | Allocations: 9743)


Started GET "/inventories/5" for ::1 at 2022-09-07 09:49:43 +0100
Processing by InventoriesController#show as HTML
  Parameters: {"id"=>"5"}
  [1m[36mUser Load (0.6ms)[0m  [1m[34mSELECT "users".* FROM "users" WHERE "users"."id" = $1 ORDER BY "users"."id" ASC LIMIT $2[0m  [["id", 1], ["LIMIT", 1]]
  [1m[36mInventory Load (0.4ms)[0m  [1m[34mSELECT "inventories".* FROM "inventories" WHERE "inventories"."user_id" = $1 AND "inventories"."id" = $2 LIMIT $3[0m  [["user_id", 1], ["id", 5], ["LIMIT", 1]]
  ↳ app/controllers/inventories_controller.rb:9:in `show'
  Rendering layout layouts/application.html.erb
  Rendering inventories/show.html.erb within layouts/application
  [1m[36mInventoryFood Load (0.8ms)[0m  [1m[34mSELECT "inventory_foods".* FROM "inventory_foods" WHERE "inventory_foods"."inventory_id" = $1[0m  [["inventory_id", 5]]
  ↳ app/views/inventories/show.html.erb:17
  Rendered inventories/show.html.erb within layouts/application (Duration: 7.1ms | Allocations: 1216)
  Rendered layout layouts/application.html.erb (Duration: 80.0ms | Allocations: 16982)
Completed 200 OK in 173ms (Views: 87.2ms | ActiveRecord: 20.5ms | Allocations: 31128)


Started GET "/inventory_foods/5/new" for ::1 at 2022-09-07 09:49:48 +0100
Processing by InventoryFoodsController#new as HTML
  Parameters: {"id"=>"5"}
  [1m[36mUser Load (0.6ms)[0m  [1m[34mSELECT "users".* FROM "users" WHERE "users"."id" = $1 ORDER BY "users"."id" ASC LIMIT $2[0m  [["id", 1], ["LIMIT", 1]]
  [1m[36mInventory Load (0.4ms)[0m  [1m[34mSELECT "inventories".* FROM "inventories" WHERE "inventories"."user_id" = $1 AND "inventories"."id" = $2 LIMIT $3[0m  [["user_id", 1], ["id", 5], ["LIMIT", 1]]
  ↳ app/controllers/inventory_foods_controller.rb:14:in `new'
  Rendering layout layouts/application.html.erb
  Rendering inventory_foods/new.html.erb within layouts/application
  [1m[36mFood Pluck (1.5ms)[0m  [1m[34mSELECT "foods"."name", "foods"."id" FROM "foods" WHERE "foods"."user_id" = $1 ORDER BY "foods"."name" ASC[0m  [["user_id", 1]]
  ↳ app/views/inventory_foods/new.html.erb:4
  Rendered inventory_foods/new.html.erb within layouts/application (Duration: 34.4ms | Allocations: 3862)
  Rendered layout layouts/application.html.erb (Duration: 50.7ms | Allocations: 6604)
Completed 200 OK in 86ms (Views: 54.4ms | ActiveRecord: 8.4ms | Allocations: 11900)


  [1m[36mTRANSACTION (0.3ms)[0m  [1m[35mBEGIN[0m
  [1m[36mFood Create (11.3ms)[0m  [1m[32mINSERT INTO "foods" ("name", "measurement_unit", "price", "user_id", "created_at", "updated_at") VALUES ($1, $2, $3, $4, $5, $6) RETURNING "id"[0m  [["name", "apple"], ["measurement_unit", "kg"], ["price", 100], ["user_id", nil], ["created_at", "2022-09-07 08:51:52.663093"], ["updated_at", "2022-09-07 08:51:52.663093"]]
  [1m[36mTRANSACTION (0.2ms)[0m  [1m[31mROLLBACK[0m
  [1m[36mTRANSACTION (0.2ms)[0m  [1m[35mBEGIN[0m
  [1m[36mFood Create (0.8ms)[0m  [1m[32mINSERT INTO "foods" ("name", "measurement_unit", "price", "user_id", "created_at", "updated_at") VALUES ($1, $2, $3, $4, $5, $6) RETURNING "id"[0m  [["name", "apple"], ["measurement_unit", "kg"], ["price", 100], ["user_id", 1], ["created_at", "2022-09-07 08:52:11.942083"], ["updated_at", "2022-09-07 08:52:11.942083"]]
  [1m[36mTRANSACTION (8.3ms)[0m  [1m[35mCOMMIT[0m
Started GET "/inventory_foods/5/new" for ::1 at 2022-09-07 09:52:24 +0100
Processing by InventoryFoodsController#new as HTML
  Parameters: {"id"=>"5"}
  [1m[36mUser Load (0.6ms)[0m  [1m[34mSELECT "users".* FROM "users" WHERE "users"."id" = $1 ORDER BY "users"."id" ASC LIMIT $2[0m  [["id", 1], ["LIMIT", 1]]
  [1m[36mInventory Load (0.4ms)[0m  [1m[34mSELECT "inventories".* FROM "inventories" WHERE "inventories"."user_id" = $1 AND "inventories"."id" = $2 LIMIT $3[0m  [["user_id", 1], ["id", 5], ["LIMIT", 1]]
  ↳ app/controllers/inventory_foods_controller.rb:14:in `new'
  Rendering layout layouts/application.html.erb
  Rendering inventory_foods/new.html.erb within layouts/application
  [1m[36mFood Pluck (0.7ms)[0m  [1m[34mSELECT "foods"."name", "foods"."id" FROM "foods" WHERE "foods"."user_id" = $1 ORDER BY "foods"."name" ASC[0m  [["user_id", 1]]
  ↳ app/views/inventory_foods/new.html.erb:4
  Rendered inventory_foods/new.html.erb within layouts/application (Duration: 4.8ms | Allocations: 1165)
  Rendered layout layouts/application.html.erb (Duration: 17.7ms | Allocations: 3698)
Completed 200 OK in 31ms (Views: 19.0ms | ActiveRecord: 1.7ms | Allocations: 6493)


Started POST "/inventory_foods/5/create" for ::1 at 2022-09-07 09:52:31 +0100
Processing by InventoryFoodsController#create as TURBO_STREAM
  Parameters: {"authenticity_token"=>"[FILTERED]", "inventory_food"=>{"food_list"=>["", "4"], "quantity"=>"2"}, "commit"=>"Add food", "id"=>"5"}
  [1m[36mUser Load (0.3ms)[0m  [1m[34mSELECT "users".* FROM "users" WHERE "users"."id" = $1 ORDER BY "users"."id" ASC LIMIT $2[0m  [["id", 1], ["LIMIT", 1]]
No template found for InventoryFoodsController#create, rendering head :no_content
Completed 204 No Content in 15ms (ActiveRecord: 0.3ms | Allocations: 1936)


Started GET "/inventory_foods/5/new" for ::1 at 2022-09-07 09:53:21 +0100
Processing by InventoryFoodsController#new as HTML
  Parameters: {"id"=>"5"}
  [1m[36mUser Load (0.4ms)[0m  [1m[34mSELECT "users".* FROM "users" WHERE "users"."id" = $1 ORDER BY "users"."id" ASC LIMIT $2[0m  [["id", 1], ["LIMIT", 1]]
  [1m[36mInventory Load (0.4ms)[0m  [1m[34mSELECT "inventories".* FROM "inventories" WHERE "inventories"."user_id" = $1 AND "inventories"."id" = $2 LIMIT $3[0m  [["user_id", 1], ["id", 5], ["LIMIT", 1]]
  ↳ app/controllers/inventory_foods_controller.rb:14:in `new'
  Rendering layout layouts/application.html.erb
  Rendering inventory_foods/new.html.erb within layouts/application
  [1m[36mFood Pluck (0.7ms)[0m  [1m[34mSELECT "foods"."name", "foods"."id" FROM "foods" WHERE "foods"."user_id" = $1 ORDER BY "foods"."name" ASC[0m  [["user_id", 1]]
  ↳ app/views/inventory_foods/new.html.erb:4
  Rendered inventory_foods/new.html.erb within layouts/application (Duration: 19.4ms | Allocations: 3189)
  Rendered layout layouts/application.html.erb (Duration: 143.4ms | Allocations: 18707)
Completed 200 OK in 239ms (Views: 152.0ms | ActiveRecord: 24.4ms | Allocations: 32927)


Started POST "/inventory_foods/5/create" for ::1 at 2022-09-07 09:53:29 +0100
Processing by InventoryFoodsController#create as TURBO_STREAM
  Parameters: {"authenticity_token"=>"[FILTERED]", "inventory_food"=>{"food_list"=>["", "4"], "quantity"=>"2"}, "commit"=>"Add food", "id"=>"5"}
  [1m[36mUser Load (0.3ms)[0m  [1m[34mSELECT "users".* FROM "users" WHERE "users"."id" = $1 ORDER BY "users"."id" ASC LIMIT $2[0m  [["id", 1], ["LIMIT", 1]]
  [1m[36mFood Load (0.4ms)[0m  [1m[34mSELECT "foods".* FROM "foods" WHERE "foods"."id" = $1 LIMIT $2[0m  [["id", 4], ["LIMIT", 1]]
  ↳ app/controllers/inventory_foods_controller.rb:22:in `block in create'
Completed 500 Internal Server Error in 31ms (ActiveRecord: 3.2ms | Allocations: 9534)


  
NoMethodError (undefined method `quantity' for #<Food id: 4, name: "apple", measurement_unit: "kg", price: 100, user_id: 1, created_at: "2022-09-07 08:52:11.942083000 +0000", updated_at: "2022-09-07 08:52:11.942083000 +0000">):
  
app/controllers/inventory_foods_controller.rb:22:in `block in create'
app/controllers/inventory_foods_controller.rb:21:in `each'
app/controllers/inventory_foods_controller.rb:21:in `create'
Started GET "/inventory_foods/5/new" for ::1 at 2022-09-07 09:54:11 +0100
Processing by InventoryFoodsController#new as HTML
  Parameters: {"id"=>"5"}
  [1m[36mUser Load (0.5ms)[0m  [1m[34mSELECT "users".* FROM "users" WHERE "users"."id" = $1 ORDER BY "users"."id" ASC LIMIT $2[0m  [["id", 1], ["LIMIT", 1]]
  [1m[36mInventory Load (0.6ms)[0m  [1m[34mSELECT "inventories".* FROM "inventories" WHERE "inventories"."user_id" = $1 AND "inventories"."id" = $2 LIMIT $3[0m  [["user_id", 1], ["id", 5], ["LIMIT", 1]]
  ↳ app/controllers/inventory_foods_controller.rb:14:in `new'
  Rendering layout layouts/application.html.erb
  Rendering inventory_foods/new.html.erb within layouts/application
  [1m[36mFood Pluck (0.4ms)[0m  [1m[34mSELECT "foods"."name", "foods"."id" FROM "foods" WHERE "foods"."user_id" = $1 ORDER BY "foods"."name" ASC[0m  [["user_id", 1]]
  ↳ app/views/inventory_foods/new.html.erb:4
  Rendered inventory_foods/new.html.erb within layouts/application (Duration: 18.9ms | Allocations: 3446)
  Rendered layout layouts/application.html.erb (Duration: 88.4ms | Allocations: 19230)
Completed 200 OK in 204ms (Views: 97.5ms | ActiveRecord: 28.7ms | Allocations: 33772)


Started POST "/inventory_foods/5/create" for ::1 at 2022-09-07 09:54:19 +0100
Processing by InventoryFoodsController#create as TURBO_STREAM
  Parameters: {"authenticity_token"=>"[FILTERED]", "inventory_food"=>{"food_list"=>["", "4"], "quantity"=>"2"}, "commit"=>"Add food", "id"=>"5"}
  [1m[36mUser Load (0.4ms)[0m  [1m[34mSELECT "users".* FROM "users" WHERE "users"."id" = $1 ORDER BY "users"."id" ASC LIMIT $2[0m  [["id", 1], ["LIMIT", 1]]
  [1m[36mTRANSACTION (0.3ms)[0m  [1m[35mBEGIN[0m
  ↳ app/controllers/inventory_foods_controller.rb:23:in `block in create'
  [1m[36mInventory Load (0.5ms)[0m  [1m[34mSELECT "inventories".* FROM "inventories" WHERE "inventories"."id" = $1 LIMIT $2[0m  [["id", 5], ["LIMIT", 1]]
  ↳ app/controllers/inventory_foods_controller.rb:23:in `block in create'
  [1m[36mFood Load (0.6ms)[0m  [1m[34mSELECT "foods".* FROM "foods" WHERE "foods"."id" = $1 LIMIT $2[0m  [["id", 4], ["LIMIT", 1]]
  ↳ app/controllers/inventory_foods_controller.rb:23:in `block in create'
  [1m[36mInventoryFood Create (2.5ms)[0m  [1m[32mINSERT INTO "inventory_foods" ("quantity", "inventory_id", "food_id", "created_at", "updated_at") VALUES ($1, $2, $3, $4, $5) RETURNING "id"[0m  [["quantity", 2], ["inventory_id", 5], ["food_id", 4], ["created_at", "2022-09-07 08:54:19.865842"], ["updated_at", "2022-09-07 08:54:19.865842"]]
  ↳ app/controllers/inventory_foods_controller.rb:23:in `block in create'
  [1m[36mTRANSACTION (0.8ms)[0m  [1m[35mCOMMIT[0m
  ↳ app/controllers/inventory_foods_controller.rb:23:in `block in create'
Redirected to http://localhost:3000/inventories/5
Completed 302 Found in 52ms (ActiveRecord: 9.6ms | Allocations: 10957)


Started GET "/inventories/5" for ::1 at 2022-09-07 09:54:19 +0100
Processing by InventoriesController#show as TURBO_STREAM
  Parameters: {"id"=>"5"}
  [1m[36mUser Load (0.3ms)[0m  [1m[34mSELECT "users".* FROM "users" WHERE "users"."id" = $1 ORDER BY "users"."id" ASC LIMIT $2[0m  [["id", 1], ["LIMIT", 1]]
  [1m[36mInventory Load (0.3ms)[0m  [1m[34mSELECT "inventories".* FROM "inventories" WHERE "inventories"."user_id" = $1 AND "inventories"."id" = $2 LIMIT $3[0m  [["user_id", 1], ["id", 5], ["LIMIT", 1]]
  ↳ app/controllers/inventories_controller.rb:9:in `show'
  Rendering layout layouts/application.html.erb
  Rendering inventories/show.html.erb within layouts/application
  [1m[36mInventoryFood Load (0.6ms)[0m  [1m[34mSELECT "inventory_foods".* FROM "inventory_foods" WHERE "inventory_foods"."inventory_id" = $1[0m  [["inventory_id", 5]]
  ↳ app/views/inventories/show.html.erb:17
  [1m[36mFood Load (0.5ms)[0m  [1m[34mSELECT "foods".* FROM "foods" WHERE "foods"."id" = $1[0m  [["id", 4]]
  ↳ app/views/inventories/show.html.erb:17
  Rendered inventories/show.html.erb within layouts/application (Duration: 17.3ms | Allocations: 3269)
  Rendered layout layouts/application.html.erb (Duration: 34.6ms | Allocations: 5984)
Completed 200 OK in 55ms (Views: 39.8ms | ActiveRecord: 1.7ms | Allocations: 10033)


Started GET "/inventory_foods/5/new" for ::1 at 2022-09-07 09:54:24 +0100
Processing by InventoryFoodsController#new as HTML
  Parameters: {"id"=>"5"}
  [1m[36mUser Load (0.3ms)[0m  [1m[34mSELECT "users".* FROM "users" WHERE "users"."id" = $1 ORDER BY "users"."id" ASC LIMIT $2[0m  [["id", 1], ["LIMIT", 1]]
  [1m[36mInventory Load (0.3ms)[0m  [1m[34mSELECT "inventories".* FROM "inventories" WHERE "inventories"."user_id" = $1 AND "inventories"."id" = $2 LIMIT $3[0m  [["user_id", 1], ["id", 5], ["LIMIT", 1]]
  ↳ app/controllers/inventory_foods_controller.rb:14:in `new'
  Rendering layout layouts/application.html.erb
  Rendering inventory_foods/new.html.erb within layouts/application
  [1m[36mFood Pluck (0.5ms)[0m  [1m[34mSELECT "foods"."name", "foods"."id" FROM "foods" WHERE "foods"."user_id" = $1 ORDER BY "foods"."name" ASC[0m  [["user_id", 1]]
  ↳ app/views/inventory_foods/new.html.erb:4
  Rendered inventory_foods/new.html.erb within layouts/application (Duration: 4.9ms | Allocations: 1165)
  Rendered layout layouts/application.html.erb (Duration: 17.5ms | Allocations: 3702)
Completed 200 OK in 30ms (Views: 18.2ms | ActiveRecord: 1.1ms | Allocations: 6395)


Started POST "/inventory_foods/5/create" for ::1 at 2022-09-07 09:54:28 +0100
Processing by InventoryFoodsController#create as TURBO_STREAM
  Parameters: {"authenticity_token"=>"[FILTERED]", "inventory_food"=>{"food_list"=>["", "4"], "quantity"=>"50"}, "commit"=>"Add food", "id"=>"5"}
  [1m[36mUser Load (0.3ms)[0m  [1m[34mSELECT "users".* FROM "users" WHERE "users"."id" = $1 ORDER BY "users"."id" ASC LIMIT $2[0m  [["id", 1], ["LIMIT", 1]]
  [1m[36mTRANSACTION (0.2ms)[0m  [1m[35mBEGIN[0m
  ↳ app/controllers/inventory_foods_controller.rb:23:in `block in create'
  [1m[36mInventory Load (0.4ms)[0m  [1m[34mSELECT "inventories".* FROM "inventories" WHERE "inventories"."id" = $1 LIMIT $2[0m  [["id", 5], ["LIMIT", 1]]
  ↳ app/controllers/inventory_foods_controller.rb:23:in `block in create'
  [1m[36mFood Load (0.4ms)[0m  [1m[34mSELECT "foods".* FROM "foods" WHERE "foods"."id" = $1 LIMIT $2[0m  [["id", 4], ["LIMIT", 1]]
  ↳ app/controllers/inventory_foods_controller.rb:23:in `block in create'
  [1m[36mInventoryFood Create (0.9ms)[0m  [1m[32mINSERT INTO "inventory_foods" ("quantity", "inventory_id", "food_id", "created_at", "updated_at") VALUES ($1, $2, $3, $4, $5) RETURNING "id"[0m  [["quantity", 50], ["inventory_id", 5], ["food_id", 4], ["created_at", "2022-09-07 08:54:28.853683"], ["updated_at", "2022-09-07 08:54:28.853683"]]
  ↳ app/controllers/inventory_foods_controller.rb:23:in `block in create'
  [1m[36mTRANSACTION (0.5ms)[0m  [1m[35mCOMMIT[0m
  ↳ app/controllers/inventory_foods_controller.rb:23:in `block in create'
Redirected to http://localhost:3000/inventories/5
Completed 302 Found in 23ms (ActiveRecord: 2.7ms | Allocations: 5443)


Started GET "/inventories/5" for ::1 at 2022-09-07 09:54:28 +0100
Processing by InventoriesController#show as TURBO_STREAM
  Parameters: {"id"=>"5"}
  [1m[36mUser Load (0.3ms)[0m  [1m[34mSELECT "users".* FROM "users" WHERE "users"."id" = $1 ORDER BY "users"."id" ASC LIMIT $2[0m  [["id", 1], ["LIMIT", 1]]
  [1m[36mInventory Load (0.3ms)[0m  [1m[34mSELECT "inventories".* FROM "inventories" WHERE "inventories"."user_id" = $1 AND "inventories"."id" = $2 LIMIT $3[0m  [["user_id", 1], ["id", 5], ["LIMIT", 1]]
  ↳ app/controllers/inventories_controller.rb:9:in `show'
  Rendering layout layouts/application.html.erb
  Rendering inventories/show.html.erb within layouts/application
  [1m[36mInventoryFood Load (0.5ms)[0m  [1m[34mSELECT "inventory_foods".* FROM "inventory_foods" WHERE "inventory_foods"."inventory_id" = $1[0m  [["inventory_id", 5]]
  ↳ app/views/inventories/show.html.erb:17
  [1m[36mFood Load (0.4ms)[0m  [1m[34mSELECT "foods".* FROM "foods" WHERE "foods"."id" = $1[0m  [["id", 4]]
  ↳ app/views/inventories/show.html.erb:17
  Rendered inventories/show.html.erb within layouts/application (Duration: 9.0ms | Allocations: 2101)
  Rendered layout layouts/application.html.erb (Duration: 33.4ms | Allocations: 4637)
Completed 200 OK in 47ms (Views: 33.8ms | ActiveRecord: 1.5ms | Allocations: 7324)


Started DELETE "/inventory_foods/5/destroy/15" for ::1 at 2022-09-07 09:54:31 +0100
Processing by InventoryFoodsController#destroy as TURBO_STREAM
  Parameters: {"authenticity_token"=>"[FILTERED]", "id"=>"5", "food_id"=>"15"}
  [1m[36mUser Load (0.3ms)[0m  [1m[34mSELECT "users".* FROM "users" WHERE "users"."id" = $1 ORDER BY "users"."id" ASC LIMIT $2[0m  [["id", 1], ["LIMIT", 1]]
  [1m[36mInventoryFood Load (0.5ms)[0m  [1m[34mSELECT "inventory_foods".* FROM "inventory_foods" WHERE "inventory_foods"."id" = $1 LIMIT $2[0m  [["id", 15], ["LIMIT", 1]]
  ↳ app/controllers/inventory_foods_controller.rb:3:in `destroy'
  [1m[36mTRANSACTION (0.2ms)[0m  [1m[35mBEGIN[0m
  ↳ app/controllers/inventory_foods_controller.rb:5:in `destroy'
  [1m[36mInventoryFood Destroy (0.4ms)[0m  [1m[31mDELETE FROM "inventory_foods" WHERE "inventory_foods"."id" = $1[0m  [["id", 15]]
  ↳ app/controllers/inventory_foods_controller.rb:5:in `destroy'
  [1m[36mTRANSACTION (0.4ms)[0m  [1m[35mCOMMIT[0m
  ↳ app/controllers/inventory_foods_controller.rb:5:in `destroy'
Redirected to http://localhost:3000/inventories/5
Completed 302 Found in 18ms (ActiveRecord: 1.8ms | Allocations: 4293)


Started GET "/inventories/5" for ::1 at 2022-09-07 09:54:31 +0100
Processing by InventoriesController#show as TURBO_STREAM
  Parameters: {"id"=>"5"}
  [1m[36mUser Load (0.3ms)[0m  [1m[34mSELECT "users".* FROM "users" WHERE "users"."id" = $1 ORDER BY "users"."id" ASC LIMIT $2[0m  [["id", 1], ["LIMIT", 1]]
  [1m[36mInventory Load (0.3ms)[0m  [1m[34mSELECT "inventories".* FROM "inventories" WHERE "inventories"."user_id" = $1 AND "inventories"."id" = $2 LIMIT $3[0m  [["user_id", 1], ["id", 5], ["LIMIT", 1]]
  ↳ app/controllers/inventories_controller.rb:9:in `show'
  Rendering layout layouts/application.html.erb
  Rendering inventories/show.html.erb within layouts/application
  [1m[36mInventoryFood Load (0.4ms)[0m  [1m[34mSELECT "inventory_foods".* FROM "inventory_foods" WHERE "inventory_foods"."inventory_id" = $1[0m  [["inventory_id", 5]]
  ↳ app/views/inventories/show.html.erb:17
  [1m[36mFood Load (0.5ms)[0m  [1m[34mSELECT "foods".* FROM "foods" WHERE "foods"."id" = $1[0m  [["id", 4]]
  ↳ app/views/inventories/show.html.erb:17
  Rendered inventories/show.html.erb within layouts/application (Duration: 8.3ms | Allocations: 1834)
  Rendered layout layouts/application.html.erb (Duration: 23.3ms | Allocations: 4357)
Completed 200 OK in 37ms (Views: 23.7ms | ActiveRecord: 1.5ms | Allocations: 7061)


Started GET "/inventories/5" for ::1 at 2022-09-07 09:59:41 +0100
Processing by InventoriesController#show as HTML
  Parameters: {"id"=>"5"}
  [1m[36mUser Load (1.8ms)[0m  [1m[34mSELECT "users".* FROM "users" WHERE "users"."id" = $1 ORDER BY "users"."id" ASC LIMIT $2[0m  [["id", 1], ["LIMIT", 1]]
  [1m[36mInventory Load (1.2ms)[0m  [1m[34mSELECT "inventories".* FROM "inventories" WHERE "inventories"."user_id" = $1 AND "inventories"."id" = $2 LIMIT $3[0m  [["user_id", 1], ["id", 5], ["LIMIT", 1]]
  ↳ app/controllers/inventories_controller.rb:9:in `show'
  Rendering layout layouts/application.html.erb
  Rendering inventories/show.html.erb within layouts/application
  [1m[36mInventoryFood Load (1.6ms)[0m  [1m[34mSELECT "inventory_foods".* FROM "inventory_foods" WHERE "inventory_foods"."inventory_id" = $1[0m  [["inventory_id", 5]]
  ↳ app/views/inventories/show.html.erb:17
  [1m[36mFood Load (2.0ms)[0m  [1m[34mSELECT "foods".* FROM "foods" WHERE "foods"."id" = $1[0m  [["id", 4]]
  ↳ app/views/inventories/show.html.erb:17
  Rendered inventories/show.html.erb within layouts/application (Duration: 31.1ms | Allocations: 7983)
  Rendered layout layouts/application.html.erb (Duration: 110.9ms | Allocations: 23485)
Completed 200 OK in 376ms (Views: 109.9ms | ActiveRecord: 16.6ms | Allocations: 39314)


Started GET "/inventory_foods/5/new" for ::1 at 2022-09-07 09:59:46 +0100
Processing by InventoryFoodsController#new as HTML
  Parameters: {"id"=>"5"}
  [1m[36mUser Load (0.4ms)[0m  [1m[34mSELECT "users".* FROM "users" WHERE "users"."id" = $1 ORDER BY "users"."id" ASC LIMIT $2[0m  [["id", 1], ["LIMIT", 1]]
  [1m[36mInventory Load (0.7ms)[0m  [1m[34mSELECT "inventories".* FROM "inventories" WHERE "inventories"."user_id" = $1 AND "inventories"."id" = $2 LIMIT $3[0m  [["user_id", 1], ["id", 5], ["LIMIT", 1]]
  ↳ app/controllers/inventory_foods_controller.rb:14:in `new'
  Rendering layout layouts/application.html.erb
  Rendering inventory_foods/new.html.erb within layouts/application
  [1m[36mFood Pluck (0.5ms)[0m  [1m[34mSELECT "foods"."name", "foods"."id" FROM "foods" WHERE "foods"."user_id" = $1 ORDER BY "foods"."name" ASC[0m  [["user_id", 1]]
  ↳ app/views/inventory_foods/new.html.erb:4
  Rendered inventory_foods/new.html.erb within layouts/application (Duration: 33.4ms | Allocations: 1486)
  Rendered layout layouts/application.html.erb (Duration: 88.9ms | Allocations: 4209)
Completed 200 OK in 106ms (Views: 91.6ms | ActiveRecord: 1.6ms | Allocations: 7395)


Started POST "/inventory_foods/5/create" for ::1 at 2022-09-07 09:59:51 +0100
Processing by InventoryFoodsController#create as TURBO_STREAM
  Parameters: {"authenticity_token"=>"[FILTERED]", "inventory_food"=>{"food_list"=>["", "4"], "quantity"=>"4"}, "commit"=>"Add food", "id"=>"5"}
  [1m[36mUser Load (0.6ms)[0m  [1m[34mSELECT "users".* FROM "users" WHERE "users"."id" = $1 ORDER BY "users"."id" ASC LIMIT $2[0m  [["id", 1], ["LIMIT", 1]]
  [1m[36mInventoryFood Load (0.7ms)[0m  [1m[34mSELECT "inventory_foods".* FROM "inventory_foods" WHERE "inventory_foods"."food_id" = $1[0m  [["food_id", 4]]
  ↳ app/controllers/inventory_foods_controller.rb:22:in `block in create'
Redirected to http://localhost:3000/inventories/5
Completed 302 Found in 22ms (ActiveRecord: 1.3ms | Allocations: 2444)


Started GET "/inventories/5" for ::1 at 2022-09-07 09:59:51 +0100
Processing by InventoriesController#show as TURBO_STREAM
  Parameters: {"id"=>"5"}
  [1m[36mUser Load (0.4ms)[0m  [1m[34mSELECT "users".* FROM "users" WHERE "users"."id" = $1 ORDER BY "users"."id" ASC LIMIT $2[0m  [["id", 1], ["LIMIT", 1]]
  [1m[36mInventory Load (0.5ms)[0m  [1m[34mSELECT "inventories".* FROM "inventories" WHERE "inventories"."user_id" = $1 AND "inventories"."id" = $2 LIMIT $3[0m  [["user_id", 1], ["id", 5], ["LIMIT", 1]]
  ↳ app/controllers/inventories_controller.rb:9:in `show'
  Rendering layout layouts/application.html.erb
  Rendering inventories/show.html.erb within layouts/application
  [1m[36mInventoryFood Load (0.4ms)[0m  [1m[34mSELECT "inventory_foods".* FROM "inventory_foods" WHERE "inventory_foods"."inventory_id" = $1[0m  [["inventory_id", 5]]
  ↳ app/views/inventories/show.html.erb:17
  [1m[36mFood Load (0.4ms)[0m  [1m[34mSELECT "foods".* FROM "foods" WHERE "foods"."id" = $1[0m  [["id", 4]]
  ↳ app/views/inventories/show.html.erb:17
  Rendered inventories/show.html.erb within layouts/application (Duration: 6.6ms | Allocations: 1859)
  Rendered layout layouts/application.html.erb (Duration: 20.7ms | Allocations: 4397)
Completed 200 OK in 34ms (Views: 21.0ms | ActiveRecord: 1.7ms | Allocations: 7131)


